[ 2015-10-08T23:02:00+08:00 ] ::1 /omt/index.php/home/index/index
INFO: [ app_init ] --START--
INFO: Run Behavior\BuildLiteBehavior [ RunTime:0.000037s ]
INFO: [ app_init ] --END-- [ RunTime:0.013355s ]
INFO: [ app_begin ] --START--
INFO: Run Behavior\ReadHtmlCacheBehavior [ RunTime:0.001995s ]
INFO: [ app_begin ] --END-- [ RunTime:0.002138s ]
SQL: SHOW COLUMNS FROM `omt_news` [ RunTime:0.0820s ]
NOTIC: [8] Undefined index: page D:\wamp\www\omt\omt\Home\Controller\IndexController.class.php 第 10 行.
SQL: SELECT * FROM `omt_news` LIMIT 0,5   [ RunTime:0.0010s ]
SQL: SELECT COUNT(*) AS tp_count FROM `omt_news` LIMIT 1   [ RunTime:0.0009s ]
SQL: SHOW COLUMNS FROM `omt_movie` [ RunTime:0.0293s ]
SQL: SELECT * FROM `omt_movie`  [ RunTime:0.0004s ]
INFO: [ view_parse ] --START--
INFO: [ template_filter ] --START--
INFO: Run Behavior\ContentReplaceBehavior [ RunTime:0.006354s ]
INFO: [ template_filter ] --END-- [ RunTime:0.006531s ]
NOTIC: [8] Undefined variable: email D:\wamp\www\omt\omt\Runtime\Cache\Home\3c2c9cb91072b4e04b2cf78ff5c8ed58.php 第 226 行.
NOTIC: [8] Undefined variable: name D:\wamp\www\omt\omt\Runtime\Cache\Home\3c2c9cb91072b4e04b2cf78ff5c8ed58.php 第 227 行.
NOTIC: [8] Undefined index: m_id D:\wamp\www\omt\omt\Runtime\Cache\Home\3c2c9cb91072b4e04b2cf78ff5c8ed58.php 第 269 行.
NOTIC: [8] Undefined index: m_id D:\wamp\www\omt\omt\Runtime\Cache\Home\3c2c9cb91072b4e04b2cf78ff5c8ed58.php 第 269 行.
INFO: Run Behavior\ParseTemplateBehavior [ RunTime:0.112182s ]
INFO: [ view_parse ] --END-- [ RunTime:0.112320s ]
INFO: [ view_filter ] --START--
INFO: Run Behavior\WriteHtmlCacheBehavior [ RunTime:0.031936s ]
INFO: [ view_filter ] --END-- [ RunTime:0.032053s ]
INFO: [ app_end ] --START--
INFO: Run Behavior\ShowPageTraceBehavior [ RunTime:0.008553s ]
INFO: [ app_end ] --END-- [ RunTime:0.008740s ]

[ 2015-10-08T23:02:46+08:00 ] ::1 /omt/index.php/home/index/index
INFO: [ app_init ] --START--
INFO: Run Behavior\BuildLiteBehavior [ RunTime:0.000034s ]
INFO: [ app_init ] --END-- [ RunTime:0.000578s ]
INFO: [ app_begin ] --START--
INFO: Run Behavior\ReadHtmlCacheBehavior [ RunTime:0.001217s ]
INFO: [ app_begin ] --END-- [ RunTime:0.001435s ]
SQL: SHOW COLUMNS FROM `omt_news` [ RunTime:0.0052s ]
NOTIC: [8] Undefined index: page D:\wamp\www\omt\omt\Home\Controller\IndexController.class.php 第 10 行.
SQL: SELECT * FROM `omt_news` LIMIT 0,5   [ RunTime:0.0005s ]
SQL: SELECT COUNT(*) AS tp_count FROM `omt_news` LIMIT 1   [ RunTime:0.0003s ]
SQL: SHOW COLUMNS FROM `omt_movie` [ RunTime:0.0072s ]
SQL: SELECT * FROM `omt_movie`  [ RunTime:0.0003s ]
INFO: [ view_parse ] --START--
INFO: [ template_filter ] --START--
INFO: Run Behavior\ContentReplaceBehavior [ RunTime:0.000150s ]
INFO: [ template_filter ] --END-- [ RunTime:0.000252s ]
NOTIC: [8] Undefined variable: email D:\wamp\www\omt\omt\Runtime\Cache\Home\3c2c9cb91072b4e04b2cf78ff5c8ed58.php 第 226 行.
NOTIC: [8] Undefined variable: name D:\wamp\www\omt\omt\Runtime\Cache\Home\3c2c9cb91072b4e04b2cf78ff5c8ed58.php 第 227 行.
NOTIC: [8] Undefined index: m_id D:\wamp\www\omt\omt\Runtime\Cache\Home\3c2c9cb91072b4e04b2cf78ff5c8ed58.php 第 269 行.
NOTIC: [8] Undefined index: m_id D:\wamp\www\omt\omt\Runtime\Cache\Home\3c2c9cb91072b4e04b2cf78ff5c8ed58.php 第 269 行.
INFO: Run Behavior\ParseTemplateBehavior [ RunTime:0.018911s ]
INFO: [ view_parse ] --END-- [ RunTime:0.019117s ]
INFO: [ view_filter ] --START--
INFO: Run Behavior\WriteHtmlCacheBehavior [ RunTime:0.000426s ]
INFO: [ view_filter ] --END-- [ RunTime:0.000520s ]
INFO: [ app_end ] --START--
INFO: Run Behavior\ShowPageTraceBehavior [ RunTime:0.000763s ]
INFO: [ app_end ] --END-- [ RunTime:0.000873s ]

[ 2015-10-08T23:06:48+08:00 ] ::1 /omt/index.php/home/index/order
INFO: [ app_init ] --START--
INFO: Run Behavior\BuildLiteBehavior [ RunTime:0.000026s ]
INFO: [ app_init ] --END-- [ RunTime:0.000452s ]
INFO: [ app_begin ] --START--
INFO: Run Behavior\ReadHtmlCacheBehavior [ RunTime:0.000957s ]
INFO: [ app_begin ] --END-- [ RunTime:0.001085s ]
INFO: [ view_parse ] --START--
INFO: [ template_filter ] --START--
INFO: Run Behavior\ContentReplaceBehavior [ RunTime:0.000149s ]
INFO: [ template_filter ] --END-- [ RunTime:0.000254s ]
INFO: Run Behavior\ParseTemplateBehavior [ RunTime:0.050387s ]
INFO: [ view_parse ] --END-- [ RunTime:0.050509s ]
INFO: [ view_filter ] --START--
INFO: Run Behavior\WriteHtmlCacheBehavior [ RunTime:0.000319s ]
INFO: [ view_filter ] --END-- [ RunTime:0.000405s ]
INFO: [ app_end ] --START--
INFO: Run Behavior\ShowPageTraceBehavior [ RunTime:0.000624s ]
INFO: [ app_end ] --END-- [ RunTime:0.000760s ]

[ 2015-10-08T23:10:51+08:00 ] ::1 /omt/index.php/home/index/index
INFO: [ app_init ] --START--
INFO: Run Behavior\BuildLiteBehavior [ RunTime:0.000020s ]
INFO: [ app_init ] --END-- [ RunTime:0.000321s ]
INFO: [ app_begin ] --START--
INFO: Run Behavior\ReadHtmlCacheBehavior [ RunTime:0.000449s ]
INFO: [ app_begin ] --END-- [ RunTime:0.000556s ]
SQL: SHOW COLUMNS FROM `omt_news` [ RunTime:0.0035s ]
NOTIC: [8] Undefined index: page D:\wamp\www\omt\omt\Home\Controller\IndexController.class.php 第 10 行.
SQL: SELECT * FROM `omt_news` LIMIT 0,5   [ RunTime:0.0004s ]
SQL: SELECT COUNT(*) AS tp_count FROM `omt_news` LIMIT 1   [ RunTime:0.0002s ]
SQL: SHOW COLUMNS FROM `omt_movie` [ RunTime:0.0034s ]
SQL: SELECT * FROM `omt_movie`  [ RunTime:0.0003s ]
INFO: [ view_parse ] --START--
INFO: [ template_filter ] --START--
INFO: Run Behavior\ContentReplaceBehavior [ RunTime:0.000173s ]
INFO: [ template_filter ] --END-- [ RunTime:0.000273s ]
NOTIC: [8] Undefined variable: email D:\wamp\www\omt\omt\Runtime\Cache\Home\3c2c9cb91072b4e04b2cf78ff5c8ed58.php 第 226 行.
NOTIC: [8] Undefined variable: name D:\wamp\www\omt\omt\Runtime\Cache\Home\3c2c9cb91072b4e04b2cf78ff5c8ed58.php 第 227 行.
NOTIC: [8] Undefined index: m_id D:\wamp\www\omt\omt\Runtime\Cache\Home\3c2c9cb91072b4e04b2cf78ff5c8ed58.php 第 269 行.
NOTIC: [8] Undefined index: m_id D:\wamp\www\omt\omt\Runtime\Cache\Home\3c2c9cb91072b4e04b2cf78ff5c8ed58.php 第 269 行.
INFO: Run Behavior\ParseTemplateBehavior [ RunTime:0.017227s ]
INFO: [ view_parse ] --END-- [ RunTime:0.017326s ]
INFO: [ view_filter ] --START--
INFO: Run Behavior\WriteHtmlCacheBehavior [ RunTime:0.000321s ]
INFO: [ view_filter ] --END-- [ RunTime:0.000507s ]
INFO: [ app_end ] --START--
INFO: Run Behavior\ShowPageTraceBehavior [ RunTime:0.000612s ]
INFO: [ app_end ] --END-- [ RunTime:0.000735s ]

[ 2015-10-08T23:32:46+08:00 ] ::1 /omt/index.php/home/index/index
INFO: [ app_init ] --START--
INFO: Run Behavior\BuildLiteBehavior [ RunTime:0.000022s ]
INFO: [ app_init ] --END-- [ RunTime:0.000400s ]
INFO: [ app_begin ] --START--
INFO: Run Behavior\ReadHtmlCacheBehavior [ RunTime:0.000462s ]
INFO: [ app_begin ] --END-- [ RunTime:0.000590s ]
SQL: SHOW COLUMNS FROM `omt_news` [ RunTime:0.0034s ]
NOTIC: [8] Undefined index: page D:\wamp\www\omt\omt\Home\Controller\IndexController.class.php 第 10 行.
SQL: SELECT * FROM `omt_news` LIMIT 0,5   [ RunTime:0.0004s ]
SQL: SELECT COUNT(*) AS tp_count FROM `omt_news` LIMIT 1   [ RunTime:0.0002s ]
SQL: SHOW COLUMNS FROM `omt_movie` [ RunTime:0.0031s ]
SQL: SELECT * FROM `omt_movie`  [ RunTime:0.0003s ]
INFO: [ view_parse ] --START--
INFO: [ template_filter ] --START--
INFO: Run Behavior\ContentReplaceBehavior [ RunTime:0.000145s ]
INFO: [ template_filter ] --END-- [ RunTime:0.000246s ]
NOTIC: [8] Undefined variable: email D:\wamp\www\omt\omt\Runtime\Cache\Home\3c2c9cb91072b4e04b2cf78ff5c8ed58.php 第 226 行.
NOTIC: [8] Undefined variable: name D:\wamp\www\omt\omt\Runtime\Cache\Home\3c2c9cb91072b4e04b2cf78ff5c8ed58.php 第 227 行.
NOTIC: [8] Undefined index: m_id D:\wamp\www\omt\omt\Runtime\Cache\Home\3c2c9cb91072b4e04b2cf78ff5c8ed58.php 第 269 行.
NOTIC: [8] Undefined index: m_id D:\wamp\www\omt\omt\Runtime\Cache\Home\3c2c9cb91072b4e04b2cf78ff5c8ed58.php 第 269 行.
INFO: Run Behavior\ParseTemplateBehavior [ RunTime:0.016846s ]
INFO: [ view_parse ] --END-- [ RunTime:0.016956s ]
INFO: [ view_filter ] --START--
INFO: Run Behavior\WriteHtmlCacheBehavior [ RunTime:0.000376s ]
INFO: [ view_filter ] --END-- [ RunTime:0.000467s ]
INFO: [ app_end ] --START--
INFO: Run Behavior\ShowPageTraceBehavior [ RunTime:0.000770s ]
INFO: [ app_end ] --END-- [ RunTime:0.000894s ]

[ 2015-10-08T23:32:52+08:00 ] ::1 /omt/index.php/Home/index/checkAccount.html
INFO: [ app_init ] --START--
INFO: Run Behavior\BuildLiteBehavior [ RunTime:0.000035s ]
INFO: [ app_init ] --END-- [ RunTime:0.000557s ]
INFO: [ app_begin ] --START--
INFO: Run Behavior\ReadHtmlCacheBehavior [ RunTime:0.000564s ]
INFO: [ app_begin ] --END-- [ RunTime:0.000703s ]
SQL: SHOW COLUMNS FROM `omt_member` [ RunTime:0.0760s ]
NOTIC: [8] Undefined index: validate D:\wamp\www\omt\ThinkPHP\Library\Think\Model.class.php 第 1185 行.
SQL: SELECT * FROM `omt_member` WHERE `email` = 'admin@a.a' LIMIT 1   [ RunTime:0.0359s ]

[ 2015-10-08T23:32:52+08:00 ] ::1 /omt/index.php/Home/index/checkAccount.html
INFO: [ app_init ] --START--
INFO: Run Behavior\BuildLiteBehavior [ RunTime:0.000036s ]
INFO: [ app_init ] --END-- [ RunTime:0.000599s ]
INFO: [ app_begin ] --START--
INFO: Run Behavior\ReadHtmlCacheBehavior [ RunTime:0.000593s ]
INFO: [ app_begin ] --END-- [ RunTime:0.000743s ]
SQL: SHOW COLUMNS FROM `omt_member` [ RunTime:0.0034s ]
NOTIC: [8] Undefined index: validate D:\wamp\www\omt\ThinkPHP\Library\Think\Model.class.php 第 1185 行.
SQL: SELECT * FROM `omt_member` WHERE `email` = 'admin@a.a' LIMIT 1   [ RunTime:0.0003s ]

[ 2015-10-08T23:32:53+08:00 ] ::1 /omt/index.php/Home/index/checkAccount.html
INFO: [ app_init ] --START--
INFO: Run Behavior\BuildLiteBehavior [ RunTime:0.000034s ]
INFO: [ app_init ] --END-- [ RunTime:0.000541s ]
INFO: [ app_begin ] --START--
INFO: Run Behavior\ReadHtmlCacheBehavior [ RunTime:0.000538s ]
INFO: [ app_begin ] --END-- [ RunTime:0.000670s ]
SQL: SHOW COLUMNS FROM `omt_member` [ RunTime:0.0041s ]
NOTIC: [8] Undefined index: validate D:\wamp\www\omt\ThinkPHP\Library\Think\Model.class.php 第 1185 行.
SQL: SELECT * FROM `omt_member` WHERE `email` = 'admin@a.aa' LIMIT 1   [ RunTime:0.0003s ]

[ 2015-10-08T23:32:55+08:00 ] ::1 /omt/index.php/Home/index/checkAccount.html
INFO: [ app_init ] --START--
INFO: Run Behavior\BuildLiteBehavior [ RunTime:0.000079s ]
INFO: [ app_init ] --END-- [ RunTime:0.001301s ]
INFO: [ app_begin ] --START--
INFO: Run Behavior\ReadHtmlCacheBehavior [ RunTime:0.001355s ]
INFO: [ app_begin ] --END-- [ RunTime:0.001694s ]
SQL: SHOW COLUMNS FROM `omt_member` [ RunTime:0.0039s ]
NOTIC: [8] Undefined index: validate D:\wamp\www\omt\ThinkPHP\Library\Think\Model.class.php 第 1185 行.
SQL: SELECT * FROM `omt_member` WHERE `email` = 'admin@a.aaa' LIMIT 1   [ RunTime:0.0003s ]

[ 2015-10-08T23:32:56+08:00 ] ::1 /omt/index.php/Home/index/checkAccount.html
INFO: [ app_init ] --START--
INFO: Run Behavior\BuildLiteBehavior [ RunTime:0.000080s ]
INFO: [ app_init ] --END-- [ RunTime:0.001304s ]
INFO: [ app_begin ] --START--
INFO: Run Behavior\ReadHtmlCacheBehavior [ RunTime:0.001095s ]
INFO: [ app_begin ] --END-- [ RunTime:0.001352s ]
SQL: SHOW COLUMNS FROM `omt_member` [ RunTime:0.0041s ]
NOTIC: [8] Undefined index: validate D:\wamp\www\omt\ThinkPHP\Library\Think\Model.class.php 第 1185 行.
SQL: SELECT * FROM `omt_member` WHERE `email` = 'admin@a.aaaa' LIMIT 1   [ RunTime:0.0003s ]
NOTIC: [8] Undefined index: auto D:\wamp\www\omt\ThinkPHP\Library\Think\Model.class.php 第 1128 行.

[ 2015-10-08T23:32:56+08:00 ] ::1 /omt/index.php/Home/index/checkAccount.html
INFO: [ app_init ] --START--
INFO: Run Behavior\BuildLiteBehavior [ RunTime:0.000044s ]
INFO: [ app_init ] --END-- [ RunTime:0.000718s ]
INFO: [ app_begin ] --START--
INFO: Run Behavior\ReadHtmlCacheBehavior [ RunTime:0.000810s ]
INFO: [ app_begin ] --END-- [ RunTime:0.000991s ]
SQL: SHOW COLUMNS FROM `omt_member` [ RunTime:0.0034s ]
NOTIC: [8] Undefined index: validate D:\wamp\www\omt\ThinkPHP\Library\Think\Model.class.php 第 1185 行.
SQL: SELECT * FROM `omt_member` WHERE `email` = 'admin@a.aaaaa' LIMIT 1   [ RunTime:0.0003s ]

[ 2015-10-08T23:32:56+08:00 ] ::1 /omt/index.php/Home/index/checkAccount.html
INFO: [ app_init ] --START--
INFO: Run Behavior\BuildLiteBehavior [ RunTime:0.000028s ]
INFO: [ app_init ] --END-- [ RunTime:0.000459s ]
INFO: [ app_begin ] --START--
INFO: Run Behavior\ReadHtmlCacheBehavior [ RunTime:0.000465s ]
INFO: [ app_begin ] --END-- [ RunTime:0.000579s ]
SQL: SHOW COLUMNS FROM `omt_member` [ RunTime:0.0030s ]
NOTIC: [8] Undefined index: validate D:\wamp\www\omt\ThinkPHP\Library\Think\Model.class.php 第 1185 行.
SQL: SELECT * FROM `omt_member` WHERE `email` = 'admin@a.aaaaaa' LIMIT 1   [ RunTime:0.0003s ]
NOTIC: [8] Undefined index: auto D:\wamp\www\omt\ThinkPHP\Library\Think\Model.class.php 第 1128 行.

[ 2015-10-08T23:33:17+08:00 ] ::1 /omt/index.php/Home/index/signUp.html
INFO: [ app_init ] --START--
INFO: Run Behavior\BuildLiteBehavior [ RunTime:0.000027s ]
INFO: [ app_init ] --END-- [ RunTime:0.000432s ]
INFO: [ app_begin ] --START--
INFO: Run Behavior\ReadHtmlCacheBehavior [ RunTime:0.000441s ]
INFO: [ app_begin ] --END-- [ RunTime:0.000545s ]
SQL: SHOW COLUMNS FROM `omt_member` [ RunTime:0.0034s ]
NOTIC: [8] Undefined index: validate D:\wamp\www\omt\ThinkPHP\Library\Think\Model.class.php 第 1185 行.
SQL: SELECT * FROM `omt_member` WHERE `email` = 'admin@a.aaaaaa' LIMIT 1   [ RunTime:0.0003s ]
NOTIC: [8] Undefined index: auto D:\wamp\www\omt\ThinkPHP\Library\Think\Model.class.php 第 1128 行.
SQL: INSERT INTO `omt_member` (`email`,`password`,`name`,`birthday`,`phone`) VALUES ('admin@a.aaaaaa','123456','123','123','123') [ RunTime:0.0526s ]

[ 2015-10-08T23:33:25+08:00 ] ::1 /omt/index.php/Home/index/checkAccount.html
INFO: [ app_init ] --START--
INFO: Run Behavior\BuildLiteBehavior [ RunTime:0.000027s ]
INFO: [ app_init ] --END-- [ RunTime:0.000426s ]
INFO: [ app_begin ] --START--
INFO: Run Behavior\ReadHtmlCacheBehavior [ RunTime:0.000429s ]
INFO: [ app_begin ] --END-- [ RunTime:0.000536s ]
SQL: SHOW COLUMNS FROM `omt_member` [ RunTime:0.0032s ]
NOTIC: [8] Undefined index: validate D:\wamp\www\omt\ThinkPHP\Library\Think\Model.class.php 第 1185 行.
SQL: SELECT * FROM `omt_member` WHERE `email` = 'admin@a.a' LIMIT 1   [ RunTime:0.0003s ]

[ 2015-10-08T23:36:29+08:00 ] ::1 /omt/index.php/home/index/index
INFO: [ app_init ] --START--
INFO: Run Behavior\BuildLiteBehavior [ RunTime:0.000036s ]
INFO: [ app_init ] --END-- [ RunTime:0.000579s ]
INFO: [ app_begin ] --START--
INFO: Run Behavior\ReadHtmlCacheBehavior [ RunTime:0.000632s ]
INFO: [ app_begin ] --END-- [ RunTime:0.000803s ]
SQL: SHOW COLUMNS FROM `omt_news` [ RunTime:0.0027s ]
NOTIC: [8] Undefined index: page D:\wamp\www\omt\omt\Home\Controller\IndexController.class.php 第 10 行.
SQL: SELECT * FROM `omt_news` LIMIT 0,5   [ RunTime:0.0002s ]
SQL: SELECT COUNT(*) AS tp_count FROM `omt_news` LIMIT 1   [ RunTime:0.0001s ]
SQL: SHOW COLUMNS FROM `omt_movie` [ RunTime:0.0024s ]
SQL: SELECT * FROM `omt_movie`  [ RunTime:0.0002s ]
INFO: [ view_parse ] --START--
INFO: [ template_filter ] --START--
INFO: Run Behavior\ContentReplaceBehavior [ RunTime:0.000182s ]
INFO: [ template_filter ] --END-- [ RunTime:0.000296s ]
NOTIC: [8] Undefined variable: email D:\wamp\www\omt\omt\Runtime\Cache\Home\3c2c9cb91072b4e04b2cf78ff5c8ed58.php 第 226 行.
NOTIC: [8] Undefined variable: name D:\wamp\www\omt\omt\Runtime\Cache\Home\3c2c9cb91072b4e04b2cf78ff5c8ed58.php 第 227 行.
NOTIC: [8] Undefined index: m_id D:\wamp\www\omt\omt\Runtime\Cache\Home\3c2c9cb91072b4e04b2cf78ff5c8ed58.php 第 269 行.
NOTIC: [8] Undefined index: m_id D:\wamp\www\omt\omt\Runtime\Cache\Home\3c2c9cb91072b4e04b2cf78ff5c8ed58.php 第 269 行.
INFO: Run Behavior\ParseTemplateBehavior [ RunTime:0.018259s ]
INFO: [ view_parse ] --END-- [ RunTime:0.018369s ]
INFO: [ view_filter ] --START--
INFO: Run Behavior\WriteHtmlCacheBehavior [ RunTime:0.000534s ]
INFO: [ view_filter ] --END-- [ RunTime:0.000631s ]
INFO: [ app_end ] --START--
INFO: Run Behavior\ShowPageTraceBehavior [ RunTime:0.000810s ]
INFO: [ app_end ] --END-- [ RunTime:0.001028s ]

[ 2015-10-08T23:36:33+08:00 ] ::1 /omt/index.php/Home/index/checkAccount.html
INFO: [ app_init ] --START--
INFO: Run Behavior\BuildLiteBehavior [ RunTime:0.000028s ]
INFO: [ app_init ] --END-- [ RunTime:0.000478s ]
INFO: [ app_begin ] --START--
INFO: Run Behavior\ReadHtmlCacheBehavior [ RunTime:0.000582s ]
INFO: [ app_begin ] --END-- [ RunTime:0.000698s ]
SQL: SHOW COLUMNS FROM `omt_member` [ RunTime:0.0031s ]
NOTIC: [8] Undefined index: validate D:\wamp\www\omt\ThinkPHP\Library\Think\Model.class.php 第 1185 行.
SQL: SELECT * FROM `omt_member` WHERE `email` = 'admin@a.a' LIMIT 1   [ RunTime:0.0003s ]

[ 2015-10-08T23:36:34+08:00 ] ::1 /omt/index.php/Home/index/checkAccount.html
INFO: [ app_init ] --START--
INFO: Run Behavior\BuildLiteBehavior [ RunTime:0.000083s ]
INFO: [ app_init ] --END-- [ RunTime:0.001414s ]
INFO: [ app_begin ] --START--
INFO: Run Behavior\ReadHtmlCacheBehavior [ RunTime:0.001384s ]
INFO: [ app_begin ] --END-- [ RunTime:0.001713s ]
SQL: SHOW COLUMNS FROM `omt_member` [ RunTime:0.0039s ]
NOTIC: [8] Undefined index: validate D:\wamp\www\omt\ThinkPHP\Library\Think\Model.class.php 第 1185 行.
SQL: SELECT * FROM `omt_member` WHERE `email` = 'admin@a.a4' LIMIT 1   [ RunTime:0.0003s ]
NOTIC: [8] Undefined index: auto D:\wamp\www\omt\ThinkPHP\Library\Think\Model.class.php 第 1128 行.

[ 2015-10-08T23:36:35+08:00 ] ::1 /omt/index.php/Home/index/checkAccount.html
INFO: [ app_init ] --START--
INFO: Run Behavior\BuildLiteBehavior [ RunTime:0.000044s ]
INFO: [ app_init ] --END-- [ RunTime:0.000710s ]
INFO: [ app_begin ] --START--
INFO: Run Behavior\ReadHtmlCacheBehavior [ RunTime:0.000739s ]
INFO: [ app_begin ] --END-- [ RunTime:0.000916s ]
SQL: SHOW COLUMNS FROM `omt_member` [ RunTime:0.0031s ]
NOTIC: [8] Undefined index: validate D:\wamp\www\omt\ThinkPHP\Library\Think\Model.class.php 第 1185 行.
SQL: SELECT * FROM `omt_member` WHERE `email` = 'admin@a.a41' LIMIT 1   [ RunTime:0.0003s ]
NOTIC: [8] Undefined index: auto D:\wamp\www\omt\ThinkPHP\Library\Think\Model.class.php 第 1128 行.

[ 2015-10-08T23:36:42+08:00 ] ::1 /omt/index.php/Home/index/signUp.html
INFO: [ app_init ] --START--
INFO: Run Behavior\BuildLiteBehavior [ RunTime:0.000028s ]
INFO: [ app_init ] --END-- [ RunTime:0.000445s ]
INFO: [ app_begin ] --START--
INFO: Run Behavior\ReadHtmlCacheBehavior [ RunTime:0.000468s ]
INFO: [ app_begin ] --END-- [ RunTime:0.000579s ]
SQL: SHOW COLUMNS FROM `omt_member` [ RunTime:0.0031s ]
NOTIC: [8] Undefined index: validate D:\wamp\www\omt\ThinkPHP\Library\Think\Model.class.php 第 1185 行.
SQL: SELECT * FROM `omt_member` WHERE `email` = 'admin@a.a41' LIMIT 1   [ RunTime:0.0003s ]

[ 2015-10-08T23:36:49+08:00 ] ::1 /omt/index.php/Home/index/checkAccount.html
INFO: [ app_init ] --START--
INFO: Run Behavior\BuildLiteBehavior [ RunTime:0.000040s ]
INFO: [ app_init ] --END-- [ RunTime:0.000711s ]
INFO: [ app_begin ] --START--
INFO: Run Behavior\ReadHtmlCacheBehavior [ RunTime:0.000684s ]
INFO: [ app_begin ] --END-- [ RunTime:0.000850s ]
SQL: SHOW COLUMNS FROM `omt_member` [ RunTime:0.0050s ]
NOTIC: [8] Undefined index: validate D:\wamp\www\omt\ThinkPHP\Library\Think\Model.class.php 第 1185 行.
SQL: SELECT * FROM `omt_member` WHERE `email` = 'admin@a.a4' LIMIT 1   [ RunTime:0.0004s ]
NOTIC: [8] Undefined index: auto D:\wamp\www\omt\ThinkPHP\Library\Think\Model.class.php 第 1128 行.

[ 2015-10-08T23:36:50+08:00 ] ::1 /omt/index.php/Home/index/checkAccount.html
INFO: [ app_init ] --START--
INFO: Run Behavior\BuildLiteBehavior [ RunTime:0.000046s ]
INFO: [ app_init ] --END-- [ RunTime:0.000746s ]
INFO: [ app_begin ] --START--
INFO: Run Behavior\ReadHtmlCacheBehavior [ RunTime:0.000774s ]
INFO: [ app_begin ] --END-- [ RunTime:0.000962s ]
SQL: SHOW COLUMNS FROM `omt_member` [ RunTime:0.0028s ]
NOTIC: [8] Undefined index: validate D:\wamp\www\omt\ThinkPHP\Library\Think\Model.class.php 第 1185 行.
SQL: SELECT * FROM `omt_member` WHERE `email` = 'admin@a.a' LIMIT 1   [ RunTime:0.0002s ]

[ 2015-10-08T23:36:50+08:00 ] ::1 /omt/index.php/Home/index/checkAccount.html
INFO: [ app_init ] --START--
INFO: Run Behavior\BuildLiteBehavior [ RunTime:0.000028s ]
INFO: [ app_init ] --END-- [ RunTime:0.000438s ]
INFO: [ app_begin ] --START--
INFO: Run Behavior\ReadHtmlCacheBehavior [ RunTime:0.000451s ]
INFO: [ app_begin ] --END-- [ RunTime:0.000562s ]
SQL: SHOW COLUMNS FROM `omt_member` [ RunTime:0.0048s ]
NOTIC: [8] Undefined index: validate D:\wamp\www\omt\ThinkPHP\Library\Think\Model.class.php 第 1185 行.
SQL: SELECT * FROM `omt_member` WHERE `email` = 'admin@a.ab' LIMIT 1   [ RunTime:0.0008s ]
NOTIC: [8] Undefined index: auto D:\wamp\www\omt\ThinkPHP\Library\Think\Model.class.php 第 1128 行.

[ 2015-10-08T23:36:50+08:00 ] ::1 /omt/index.php/Home/index/checkAccount.html
INFO: [ app_init ] --START--
INFO: Run Behavior\BuildLiteBehavior [ RunTime:0.000032s ]
INFO: [ app_init ] --END-- [ RunTime:0.000510s ]
INFO: [ app_begin ] --START--
INFO: Run Behavior\ReadHtmlCacheBehavior [ RunTime:0.000523s ]
INFO: [ app_begin ] --END-- [ RunTime:0.000649s ]
SQL: SHOW COLUMNS FROM `omt_member` [ RunTime:0.0040s ]
NOTIC: [8] Undefined index: validate D:\wamp\www\omt\ThinkPHP\Library\Think\Model.class.php 第 1185 行.
SQL: SELECT * FROM `omt_member` WHERE `email` = 'admin@a.abb' LIMIT 1   [ RunTime:0.0003s ]
NOTIC: [8] Undefined index: auto D:\wamp\www\omt\ThinkPHP\Library\Think\Model.class.php 第 1128 行.

[ 2015-10-08T23:36:51+08:00 ] ::1 /omt/index.php/Home/index/signUp.html
INFO: [ app_init ] --START--
INFO: Run Behavior\BuildLiteBehavior [ RunTime:0.000029s ]
INFO: [ app_init ] --END-- [ RunTime:0.000446s ]
INFO: [ app_begin ] --START--
INFO: Run Behavior\ReadHtmlCacheBehavior [ RunTime:0.000444s ]
INFO: [ app_begin ] --END-- [ RunTime:0.000547s ]
SQL: SHOW COLUMNS FROM `omt_member` [ RunTime:0.0034s ]
NOTIC: [8] Undefined index: validate D:\wamp\www\omt\ThinkPHP\Library\Think\Model.class.php 第 1185 行.
SQL: SELECT * FROM `omt_member` WHERE `email` = 'admin@a.abb' LIMIT 1   [ RunTime:0.0003s ]

[ 2015-10-08T23:37:01+08:00 ] ::1 /omt/index.php/Home/index/signUp.html
INFO: [ app_init ] --START--
INFO: Run Behavior\BuildLiteBehavior [ RunTime:0.000027s ]
INFO: [ app_init ] --END-- [ RunTime:0.000436s ]
INFO: [ app_begin ] --START--
INFO: Run Behavior\ReadHtmlCacheBehavior [ RunTime:0.000440s ]
INFO: [ app_begin ] --END-- [ RunTime:0.000544s ]
SQL: SHOW COLUMNS FROM `omt_member` [ RunTime:0.0033s ]
NOTIC: [8] Undefined index: validate D:\wamp\www\omt\ThinkPHP\Library\Think\Model.class.php 第 1185 行.
SQL: SELECT * FROM `omt_member` WHERE `email` = 'admin@a.abb' LIMIT 1   [ RunTime:0.0002s ]

[ 2015-10-08T23:37:16+08:00 ] ::1 /omt/index.php/Home/index/signUp.html
INFO: [ app_init ] --START--
INFO: Run Behavior\BuildLiteBehavior [ RunTime:0.000029s ]
INFO: [ app_init ] --END-- [ RunTime:0.000438s ]
INFO: [ app_begin ] --START--
INFO: Run Behavior\ReadHtmlCacheBehavior [ RunTime:0.000438s ]
INFO: [ app_begin ] --END-- [ RunTime:0.000543s ]
SQL: SHOW COLUMNS FROM `omt_member` [ RunTime:0.0032s ]
NOTIC: [8] Undefined index: validate D:\wamp\www\omt\ThinkPHP\Library\Think\Model.class.php 第 1185 行.
SQL: SELECT * FROM `omt_member` WHERE `email` = 'admin@a.abb' LIMIT 1   [ RunTime:0.0002s ]
NOTIC: [8] Undefined index: auto D:\wamp\www\omt\ThinkPHP\Library\Think\Model.class.php 第 1128 行.
SQL: INSERT INTO `omt_member` (`email`,`password`,`name`,`birthday`,`phone`) VALUES ('admin@a.abb','123456','123456','123','123') [ RunTime:0.0723s ]

[ 2015-10-08T23:37:21+08:00 ] ::1 /omt/index.php/Home/index/checkAccount.html
INFO: [ app_init ] --START--
INFO: Run Behavior\BuildLiteBehavior [ RunTime:0.000026s ]
INFO: [ app_init ] --END-- [ RunTime:0.000429s ]
INFO: [ app_begin ] --START--
INFO: Run Behavior\ReadHtmlCacheBehavior [ RunTime:0.000437s ]
INFO: [ app_begin ] --END-- [ RunTime:0.000543s ]
SQL: SHOW COLUMNS FROM `omt_member` [ RunTime:0.0033s ]
NOTIC: [8] Undefined index: validate D:\wamp\www\omt\ThinkPHP\Library\Think\Model.class.php 第 1185 行.
SQL: SELECT * FROM `omt_member` WHERE `email` = 'Martin@aa.bb' LIMIT 1   [ RunTime:0.0003s ]

[ 2015-10-08T23:37:22+08:00 ] ::1 /omt/index.php/Home/index/checkAccount.html
INFO: [ app_init ] --START--
INFO: Run Behavior\BuildLiteBehavior [ RunTime:0.000027s ]
INFO: [ app_init ] --END-- [ RunTime:0.000424s ]
INFO: [ app_begin ] --START--
INFO: Run Behavior\ReadHtmlCacheBehavior [ RunTime:0.000440s ]
INFO: [ app_begin ] --END-- [ RunTime:0.000545s ]
SQL: SHOW COLUMNS FROM `omt_member` [ RunTime:0.0032s ]
NOTIC: [8] Undefined index: validate D:\wamp\www\omt\ThinkPHP\Library\Think\Model.class.php 第 1185 行.
SQL: SELECT * FROM `omt_member` WHERE `email` = 'Martin@aa.bbhg' LIMIT 1   [ RunTime:0.0003s ]
NOTIC: [8] Undefined index: auto D:\wamp\www\omt\ThinkPHP\Library\Think\Model.class.php 第 1128 行.

[ 2015-10-08T23:37:22+08:00 ] ::1 /omt/index.php/Home/index/checkAccount.html
INFO: [ app_init ] --START--
INFO: Run Behavior\BuildLiteBehavior [ RunTime:0.000020s ]
INFO: [ app_init ] --END-- [ RunTime:0.000343s ]
INFO: [ app_begin ] --START--
INFO: Run Behavior\ReadHtmlCacheBehavior [ RunTime:0.000323s ]
INFO: [ app_begin ] --END-- [ RunTime:0.000401s ]
SQL: SHOW COLUMNS FROM `omt_member` [ RunTime:0.0076s ]
NOTIC: [8] Undefined index: validate D:\wamp\www\omt\ThinkPHP\Library\Think\Model.class.php 第 1185 行.
SQL: SELECT * FROM `omt_member` WHERE `email` = 'Martin@aa.bbhg' LIMIT 1   [ RunTime:0.0006s ]
NOTIC: [8] Undefined index: auto D:\wamp\www\omt\ThinkPHP\Library\Think\Model.class.php 第 1128 行.

[ 2015-10-08T23:37:26+08:00 ] ::1 /omt/index.php/Home/index/signUp.html
INFO: [ app_init ] --START--
INFO: Run Behavior\BuildLiteBehavior [ RunTime:0.000028s ]
INFO: [ app_init ] --END-- [ RunTime:0.000444s ]
INFO: [ app_begin ] --START--
INFO: Run Behavior\ReadHtmlCacheBehavior [ RunTime:0.000439s ]
INFO: [ app_begin ] --END-- [ RunTime:0.000543s ]
SQL: SHOW COLUMNS FROM `omt_member` [ RunTime:0.0031s ]
NOTIC: [8] Undefined index: validate D:\wamp\www\omt\ThinkPHP\Library\Think\Model.class.php 第 1185 行.
SQL: SELECT * FROM `omt_member` WHERE `email` = 'Martin@aa.bbhg' LIMIT 1   [ RunTime:0.0003s ]

[ 2015-10-08T23:39:10+08:00 ] ::1 /omt/index.php/Home/index/signUp.html
INFO: [ app_init ] --START--
INFO: Run Behavior\BuildLiteBehavior [ RunTime:0.000028s ]
INFO: [ app_init ] --END-- [ RunTime:0.000482s ]
INFO: [ app_begin ] --START--
INFO: Run Behavior\ReadHtmlCacheBehavior [ RunTime:0.000566s ]
INFO: [ app_begin ] --END-- [ RunTime:0.000671s ]
SQL: SHOW COLUMNS FROM `omt_member` [ RunTime:0.0034s ]
NOTIC: [8] Undefined index: validate D:\wamp\www\omt\ThinkPHP\Library\Think\Model.class.php 第 1185 行.

[ 2015-10-08T23:39:13+08:00 ] ::1 /omt/index.php/Home/index/signUp.html
INFO: [ app_init ] --START--
INFO: Run Behavior\BuildLiteBehavior [ RunTime:0.000028s ]
INFO: [ app_init ] --END-- [ RunTime:0.000429s ]
INFO: [ app_begin ] --START--
INFO: Run Behavior\ReadHtmlCacheBehavior [ RunTime:0.000439s ]
INFO: [ app_begin ] --END-- [ RunTime:0.000545s ]
SQL: SHOW COLUMNS FROM `omt_member` [ RunTime:0.0031s ]
NOTIC: [8] Undefined index: validate D:\wamp\www\omt\ThinkPHP\Library\Think\Model.class.php 第 1185 行.

[ 2015-10-08T23:39:24+08:00 ] ::1 /omt/index.php/Home/index/signUp.html
INFO: [ app_init ] --START--
INFO: Run Behavior\BuildLiteBehavior [ RunTime:0.000028s ]
INFO: [ app_init ] --END-- [ RunTime:0.000446s ]
INFO: [ app_begin ] --START--
INFO: Run Behavior\ReadHtmlCacheBehavior [ RunTime:0.000442s ]
INFO: [ app_begin ] --END-- [ RunTime:0.000546s ]
SQL: SHOW COLUMNS FROM `omt_member` [ RunTime:0.0034s ]
NOTIC: [8] Undefined index: validate D:\wamp\www\omt\ThinkPHP\Library\Think\Model.class.php 第 1185 行.
SQL: SELECT * FROM `omt_member` WHERE `email` = 'tttest@abc.com' LIMIT 1   [ RunTime:0.0003s ]

[ 2015-10-08T23:39:29+08:00 ] ::1 /omt/index.php/Home/index/signUp.html
INFO: [ app_init ] --START--
INFO: Run Behavior\BuildLiteBehavior [ RunTime:0.000028s ]
INFO: [ app_init ] --END-- [ RunTime:0.000434s ]
INFO: [ app_begin ] --START--
INFO: Run Behavior\ReadHtmlCacheBehavior [ RunTime:0.000440s ]
INFO: [ app_begin ] --END-- [ RunTime:0.000545s ]
SQL: SHOW COLUMNS FROM `omt_member` [ RunTime:0.0032s ]
NOTIC: [8] Undefined index: validate D:\wamp\www\omt\ThinkPHP\Library\Think\Model.class.php 第 1185 行.
SQL: SELECT * FROM `omt_member` WHERE `email` = 'tttest@abc.com' LIMIT 1   [ RunTime:0.0003s ]

[ 2015-10-08T23:39:31+08:00 ] ::1 /omt/index.php/Home/index/signUp.html
INFO: [ app_init ] --START--
INFO: Run Behavior\BuildLiteBehavior [ RunTime:0.000028s ]
INFO: [ app_init ] --END-- [ RunTime:0.000434s ]
INFO: [ app_begin ] --START--
INFO: Run Behavior\ReadHtmlCacheBehavior [ RunTime:0.000445s ]
INFO: [ app_begin ] --END-- [ RunTime:0.000550s ]
SQL: SHOW COLUMNS FROM `omt_member` [ RunTime:0.0034s ]
NOTIC: [8] Undefined index: validate D:\wamp\www\omt\ThinkPHP\Library\Think\Model.class.php 第 1185 行.
SQL: SELECT * FROM `omt_member` WHERE `email` = 'tttest@abc.com' LIMIT 1   [ RunTime:0.0003s ]

[ 2015-10-08T23:41:14+08:00 ] ::1 /omt/index.php/Home/index/signUp.html
INFO: [ app_init ] --START--
INFO: Run Behavior\BuildLiteBehavior [ RunTime:0.000028s ]
INFO: [ app_init ] --END-- [ RunTime:0.000485s ]
INFO: [ app_begin ] --START--
INFO: Run Behavior\ReadHtmlCacheBehavior [ RunTime:0.000571s ]
INFO: [ app_begin ] --END-- [ RunTime:0.000677s ]
SQL: SHOW COLUMNS FROM `omt_member` [ RunTime:0.0039s ]
NOTIC: [8] Undefined index: validate D:\wamp\www\omt\ThinkPHP\Library\Think\Model.class.php 第 1185 行.
SQL: SELECT * FROM `omt_member` WHERE `email` = 'tttest@abc.com' LIMIT 1   [ RunTime:0.0004s ]

[ 2015-10-08T23:50:14+08:00 ] ::1 /omt/index.php/home/index/index
INFO: [ app_init ] --START--
INFO: Run Behavior\BuildLiteBehavior [ RunTime:0.000025s ]
INFO: [ app_init ] --END-- [ RunTime:0.000410s ]
INFO: [ app_begin ] --START--
INFO: Run Behavior\ReadHtmlCacheBehavior [ RunTime:0.000779s ]
INFO: [ app_begin ] --END-- [ RunTime:0.000948s ]
SQL: SHOW COLUMNS FROM `omt_news` [ RunTime:0.0046s ]
NOTIC: [8] Undefined index: page D:\wamp\www\omt\omt\Home\Controller\IndexController.class.php 第 10 行.
SQL: SELECT * FROM `omt_news` LIMIT 0,5   [ RunTime:0.0005s ]
SQL: SELECT COUNT(*) AS tp_count FROM `omt_news` LIMIT 1   [ RunTime:0.0003s ]
SQL: SHOW COLUMNS FROM `omt_movie` [ RunTime:0.0030s ]
SQL: SELECT * FROM `omt_movie`  [ RunTime:0.0003s ]
INFO: [ view_parse ] --START--
INFO: [ template_filter ] --START--
INFO: Run Behavior\ContentReplaceBehavior [ RunTime:0.000161s ]
INFO: [ template_filter ] --END-- [ RunTime:0.000281s ]
NOTIC: [8] Undefined variable: email D:\wamp\www\omt\omt\Runtime\Cache\Home\3c2c9cb91072b4e04b2cf78ff5c8ed58.php 第 235 行.
NOTIC: [8] Undefined variable: name D:\wamp\www\omt\omt\Runtime\Cache\Home\3c2c9cb91072b4e04b2cf78ff5c8ed58.php 第 236 行.
NOTIC: [8] Undefined index: m_id D:\wamp\www\omt\omt\Runtime\Cache\Home\3c2c9cb91072b4e04b2cf78ff5c8ed58.php 第 278 行.
NOTIC: [8] Undefined index: m_id D:\wamp\www\omt\omt\Runtime\Cache\Home\3c2c9cb91072b4e04b2cf78ff5c8ed58.php 第 278 行.
INFO: Run Behavior\ParseTemplateBehavior [ RunTime:0.019135s ]
INFO: [ view_parse ] --END-- [ RunTime:0.019243s ]
INFO: [ view_filter ] --START--
INFO: Run Behavior\WriteHtmlCacheBehavior [ RunTime:0.000408s ]
INFO: [ view_filter ] --END-- [ RunTime:0.000499s ]
INFO: [ app_end ] --START--
INFO: Run Behavior\ShowPageTraceBehavior [ RunTime:0.000658s ]
INFO: [ app_end ] --END-- [ RunTime:0.000776s ]

[ 2015-10-08T23:50:23+08:00 ] ::1 /omt/index.php/Home/index/checkAccount.html
INFO: [ app_init ] --START--
INFO: Run Behavior\BuildLiteBehavior [ RunTime:0.000019s ]
INFO: [ app_init ] --END-- [ RunTime:0.000383s ]
INFO: [ app_begin ] --START--
INFO: Run Behavior\ReadHtmlCacheBehavior [ RunTime:0.000414s ]
INFO: [ app_begin ] --END-- [ RunTime:0.000494s ]
SQL: SHOW COLUMNS FROM `omt_member` [ RunTime:0.0032s ]
NOTIC: [8] Undefined index: validate D:\wamp\www\omt\ThinkPHP\Library\Think\Model.class.php 第 1185 行.
SQL: SELECT * FROM `omt_member` WHERE `email` = 'tttest@abc.com12' LIMIT 1   [ RunTime:0.0003s ]
NOTIC: [8] Undefined index: auto D:\wamp\www\omt\ThinkPHP\Library\Think\Model.class.php 第 1128 行.

[ 2015-10-08T23:50:23+08:00 ] ::1 /omt/index.php/Home/index/checkAccount.html
INFO: [ app_init ] --START--
INFO: Run Behavior\BuildLiteBehavior [ RunTime:0.000020s ]
INFO: [ app_init ] --END-- [ RunTime:0.000319s ]
INFO: [ app_begin ] --START--
INFO: Run Behavior\ReadHtmlCacheBehavior [ RunTime:0.000319s ]
INFO: [ app_begin ] --END-- [ RunTime:0.000399s ]
SQL: SHOW COLUMNS FROM `omt_member` [ RunTime:0.0030s ]
NOTIC: [8] Undefined index: validate D:\wamp\www\omt\ThinkPHP\Library\Think\Model.class.php 第 1185 行.
SQL: SELECT * FROM `omt_member` WHERE `email` = 'tttest@abc.com123' LIMIT 1   [ RunTime:0.0002s ]
NOTIC: [8] Undefined index: auto D:\wamp\www\omt\ThinkPHP\Library\Think\Model.class.php 第 1128 行.

[ 2015-10-08T23:50:23+08:00 ] ::1 /omt/index.php/Home/index/checkAccount.html
INFO: [ app_init ] --START--
INFO: Run Behavior\BuildLiteBehavior [ RunTime:0.000019s ]
INFO: [ app_init ] --END-- [ RunTime:0.000313s ]
INFO: [ app_begin ] --START--
INFO: Run Behavior\ReadHtmlCacheBehavior [ RunTime:0.000320s ]
INFO: [ app_begin ] --END-- [ RunTime:0.000398s ]
SQL: SHOW COLUMNS FROM `omt_member` [ RunTime:0.0031s ]
NOTIC: [8] Undefined index: validate D:\wamp\www\omt\ThinkPHP\Library\Think\Model.class.php 第 1185 行.
SQL: SELECT * FROM `omt_member` WHERE `email` = 'tttest@abc.com123' LIMIT 1   [ RunTime:0.0003s ]
NOTIC: [8] Undefined index: auto D:\wamp\www\omt\ThinkPHP\Library\Think\Model.class.php 第 1128 行.

[ 2015-10-08T23:50:28+08:00 ] ::1 /omt/index.php/Home/index/signUp.html
INFO: [ app_init ] --START--
INFO: Run Behavior\BuildLiteBehavior [ RunTime:0.000028s ]
INFO: [ app_init ] --END-- [ RunTime:0.000446s ]
INFO: [ app_begin ] --START--
INFO: Run Behavior\ReadHtmlCacheBehavior [ RunTime:0.000472s ]
INFO: [ app_begin ] --END-- [ RunTime:0.000576s ]
SQL: SHOW COLUMNS FROM `omt_member` [ RunTime:0.0034s ]
NOTIC: [8] Undefined index: validate D:\wamp\www\omt\ThinkPHP\Library\Think\Model.class.php 第 1185 行.
SQL: SELECT * FROM `omt_member` WHERE `email` = 'tttest@abc.com123' LIMIT 1   [ RunTime:0.0003s ]

[ 2015-10-08T23:50:37+08:00 ] ::1 /omt/index.php/Home/index/signUp.html
INFO: [ app_init ] --START--
INFO: Run Behavior\BuildLiteBehavior [ RunTime:0.000028s ]
INFO: [ app_init ] --END-- [ RunTime:0.000438s ]
INFO: [ app_begin ] --START--
INFO: Run Behavior\ReadHtmlCacheBehavior [ RunTime:0.000436s ]
INFO: [ app_begin ] --END-- [ RunTime:0.000542s ]
SQL: SHOW COLUMNS FROM `omt_member` [ RunTime:0.0032s ]
NOTIC: [8] Undefined index: validate D:\wamp\www\omt\ThinkPHP\Library\Think\Model.class.php 第 1185 行.
SQL: SELECT * FROM `omt_member` WHERE `email` = 'tttest@abc.com123' LIMIT 1   [ RunTime:0.0003s ]
NOTIC: [8] Undefined index: auto D:\wamp\www\omt\ThinkPHP\Library\Think\Model.class.php 第 1128 行.
SQL: INSERT INTO `omt_member` (`email`,`password`,`name`,`birthday`,`phone`) VALUES ('tttest@abc.com123','123456','123','123','123') [ RunTime:0.0533s ]

[ 2015-10-08T23:50:41+08:00 ] ::1 /omt/index.php/Home/index/signIn.html
INFO: [ app_init ] --START--
INFO: Run Behavior\BuildLiteBehavior [ RunTime:0.000028s ]
INFO: [ app_init ] --END-- [ RunTime:0.000433s ]
INFO: [ app_begin ] --START--
INFO: Run Behavior\ReadHtmlCacheBehavior [ RunTime:0.000431s ]
INFO: [ app_begin ] --END-- [ RunTime:0.000536s ]
SQL: SHOW COLUMNS FROM `omt_member` [ RunTime:0.0030s ]
NOTIC: [8] Undefined index: validate D:\wamp\www\omt\ThinkPHP\Library\Think\Model.class.php 第 1185 行.
NOTIC: [8] Undefined index: auto D:\wamp\www\omt\ThinkPHP\Library\Think\Model.class.php 第 1128 行.
SQL: SELECT * FROM `omt_member` WHERE `email` = 'admin@a.a' AND `password` = '123456'  [ RunTime:0.0491s ]

[ 2015-10-08T23:50:48+08:00 ] ::1 /omt/index.php/Home/index/signIn.html
INFO: [ app_init ] --START--
INFO: Run Behavior\BuildLiteBehavior [ RunTime:0.000029s ]
INFO: [ app_init ] --END-- [ RunTime:0.000451s ]
INFO: [ app_begin ] --START--
INFO: Run Behavior\ReadHtmlCacheBehavior [ RunTime:0.000436s ]
INFO: [ app_begin ] --END-- [ RunTime:0.000542s ]
SQL: SHOW COLUMNS FROM `omt_member` [ RunTime:0.0035s ]
NOTIC: [8] Undefined index: validate D:\wamp\www\omt\ThinkPHP\Library\Think\Model.class.php 第 1185 行.
NOTIC: [8] Undefined index: auto D:\wamp\www\omt\ThinkPHP\Library\Think\Model.class.php 第 1128 行.
SQL: SELECT * FROM `omt_member` WHERE `email` = 'admin@a.a' AND `password` = '123456'  [ RunTime:0.0003s ]

[ 2015-10-08T23:50:50+08:00 ] ::1 /omt/index.php/Home/index/signIn.html
INFO: [ app_init ] --START--
INFO: Run Behavior\BuildLiteBehavior [ RunTime:0.000023s ]
INFO: [ app_init ] --END-- [ RunTime:0.000360s ]
INFO: [ app_begin ] --START--
INFO: Run Behavior\ReadHtmlCacheBehavior [ RunTime:0.000338s ]
INFO: [ app_begin ] --END-- [ RunTime:0.000418s ]
SQL: SHOW COLUMNS FROM `omt_member` [ RunTime:0.0031s ]
NOTIC: [8] Undefined index: validate D:\wamp\www\omt\ThinkPHP\Library\Think\Model.class.php 第 1185 行.
NOTIC: [8] Undefined index: auto D:\wamp\www\omt\ThinkPHP\Library\Think\Model.class.php 第 1128 行.
SQL: SELECT * FROM `omt_member` WHERE `email` = 'admin@a.a' AND `password` = '123456'  [ RunTime:0.0003s ]

[ 2015-10-08T23:50:52+08:00 ] ::1 /omt/index.php/Home/index/signIn.html
INFO: [ app_init ] --START--
INFO: Run Behavior\BuildLiteBehavior [ RunTime:0.000028s ]
INFO: [ app_init ] --END-- [ RunTime:0.000436s ]
INFO: [ app_begin ] --START--
INFO: Run Behavior\ReadHtmlCacheBehavior [ RunTime:0.000437s ]
INFO: [ app_begin ] --END-- [ RunTime:0.000543s ]
SQL: SHOW COLUMNS FROM `omt_member` [ RunTime:0.0034s ]
NOTIC: [8] Undefined index: validate D:\wamp\www\omt\ThinkPHP\Library\Think\Model.class.php 第 1185 行.
NOTIC: [8] Undefined index: auto D:\wamp\www\omt\ThinkPHP\Library\Think\Model.class.php 第 1128 行.
SQL: SELECT * FROM `omt_member` WHERE `email` = 'admin@a.a' AND `password` = '123456'  [ RunTime:0.0003s ]

[ 2015-10-08T23:51:01+08:00 ] ::1 /omt/index.php/Home/index/signIn.html
INFO: [ app_init ] --START--
INFO: Run Behavior\BuildLiteBehavior [ RunTime:0.000028s ]
INFO: [ app_init ] --END-- [ RunTime:0.000579s ]
INFO: [ app_begin ] --START--
INFO: Run Behavior\ReadHtmlCacheBehavior [ RunTime:0.000434s ]
INFO: [ app_begin ] --END-- [ RunTime:0.000538s ]
SQL: SHOW COLUMNS FROM `omt_member` [ RunTime:0.0034s ]
NOTIC: [8] Undefined index: validate D:\wamp\www\omt\ThinkPHP\Library\Think\Model.class.php 第 1185 行.
NOTIC: [8] Undefined index: auto D:\wamp\www\omt\ThinkPHP\Library\Think\Model.class.php 第 1128 行.
SQL: SELECT * FROM `omt_member` WHERE `email` = 'admin@a.a' AND `password` = '123456'  [ RunTime:0.0003s ]

[ 2015-10-08T23:51:04+08:00 ] ::1 /omt/index.php/Home/index/signIn.html
INFO: [ app_init ] --START--
INFO: Run Behavior\BuildLiteBehavior [ RunTime:0.000028s ]
INFO: [ app_init ] --END-- [ RunTime:0.000445s ]
INFO: [ app_begin ] --START--
INFO: Run Behavior\ReadHtmlCacheBehavior [ RunTime:0.000521s ]
INFO: [ app_begin ] --END-- [ RunTime:0.000630s ]
SQL: SHOW COLUMNS FROM `omt_member` [ RunTime:0.0033s ]
NOTIC: [8] Undefined index: validate D:\wamp\www\omt\ThinkPHP\Library\Think\Model.class.php 第 1185 行.
NOTIC: [8] Undefined index: auto D:\wamp\www\omt\ThinkPHP\Library\Think\Model.class.php 第 1128 行.
SQL: SELECT * FROM `omt_member` WHERE `email` = 'admin@a.a' AND `password` = '123456'  [ RunTime:0.0003s ]

[ 2015-10-08T23:51:05+08:00 ] ::1 /omt/index.php/Home/index/signIn.html
INFO: [ app_init ] --START--
INFO: Run Behavior\BuildLiteBehavior [ RunTime:0.000028s ]
INFO: [ app_init ] --END-- [ RunTime:0.000443s ]
INFO: [ app_begin ] --START--
INFO: Run Behavior\ReadHtmlCacheBehavior [ RunTime:0.000447s ]
INFO: [ app_begin ] --END-- [ RunTime:0.000552s ]
SQL: SHOW COLUMNS FROM `omt_member` [ RunTime:0.0031s ]
NOTIC: [8] Undefined index: validate D:\wamp\www\omt\ThinkPHP\Library\Think\Model.class.php 第 1185 行.
NOTIC: [8] Undefined index: auto D:\wamp\www\omt\ThinkPHP\Library\Think\Model.class.php 第 1128 行.
SQL: SELECT * FROM `omt_member` WHERE `email` = 'admin@a.a' AND `password` = '123456'  [ RunTime:0.0003s ]

[ 2015-10-08T23:53:13+08:00 ] ::1 /omt/index.php/home/index/index
INFO: [ app_init ] --START--
INFO: Run Behavior\BuildLiteBehavior [ RunTime:0.000048s ]
INFO: [ app_init ] --END-- [ RunTime:0.000868s ]
INFO: [ app_begin ] --START--
INFO: Run Behavior\ReadHtmlCacheBehavior [ RunTime:0.000612s ]
INFO: [ app_begin ] --END-- [ RunTime:0.000771s ]
SQL: SHOW COLUMNS FROM `omt_news` [ RunTime:0.0029s ]
NOTIC: [8] Undefined index: page D:\wamp\www\omt\omt\Home\Controller\IndexController.class.php 第 10 行.
SQL: SELECT * FROM `omt_news` LIMIT 0,5   [ RunTime:0.0002s ]
SQL: SELECT COUNT(*) AS tp_count FROM `omt_news` LIMIT 1   [ RunTime:0.0002s ]
SQL: SHOW COLUMNS FROM `omt_movie` [ RunTime:0.0026s ]
SQL: SELECT * FROM `omt_movie`  [ RunTime:0.0002s ]
INFO: [ view_parse ] --START--
INFO: [ template_filter ] --START--
INFO: Run Behavior\ContentReplaceBehavior [ RunTime:0.000151s ]
INFO: [ template_filter ] --END-- [ RunTime:0.000251s ]
NOTIC: [8] Undefined index: m_id D:\wamp\www\omt\omt\Runtime\Cache\Home\3c2c9cb91072b4e04b2cf78ff5c8ed58.php 第 279 行.
NOTIC: [8] Undefined index: m_id D:\wamp\www\omt\omt\Runtime\Cache\Home\3c2c9cb91072b4e04b2cf78ff5c8ed58.php 第 279 行.
INFO: Run Behavior\ParseTemplateBehavior [ RunTime:0.017977s ]
INFO: [ view_parse ] --END-- [ RunTime:0.018090s ]
INFO: [ view_filter ] --START--
INFO: Run Behavior\WriteHtmlCacheBehavior [ RunTime:0.000335s ]
INFO: [ view_filter ] --END-- [ RunTime:0.000421s ]
INFO: [ app_end ] --START--
INFO: Run Behavior\ShowPageTraceBehavior [ RunTime:0.000586s ]
INFO: [ app_end ] --END-- [ RunTime:0.000716s ]

[ 2015-10-08T23:53:17+08:00 ] ::1 /omt/index.php/home/index/index
INFO: [ app_init ] --START--
INFO: Run Behavior\BuildLiteBehavior [ RunTime:0.000046s ]
INFO: [ app_init ] --END-- [ RunTime:0.000780s ]
INFO: [ app_begin ] --START--
INFO: Run Behavior\ReadHtmlCacheBehavior [ RunTime:0.000975s ]
INFO: [ app_begin ] --END-- [ RunTime:0.001216s ]
SQL: SHOW COLUMNS FROM `omt_news` [ RunTime:0.0031s ]
NOTIC: [8] Undefined index: page D:\wamp\www\omt\omt\Home\Controller\IndexController.class.php 第 10 行.
SQL: SELECT * FROM `omt_news` LIMIT 0,5   [ RunTime:0.0002s ]
SQL: SELECT COUNT(*) AS tp_count FROM `omt_news` LIMIT 1   [ RunTime:0.0002s ]
SQL: SHOW COLUMNS FROM `omt_movie` [ RunTime:0.0027s ]
SQL: SELECT * FROM `omt_movie`  [ RunTime:0.0002s ]
INFO: [ view_parse ] --START--
INFO: [ template_filter ] --START--
INFO: Run Behavior\ContentReplaceBehavior [ RunTime:0.000146s ]
INFO: [ template_filter ] --END-- [ RunTime:0.000242s ]
NOTIC: [8] Undefined index: m_id D:\wamp\www\omt\omt\Runtime\Cache\Home\3c2c9cb91072b4e04b2cf78ff5c8ed58.php 第 279 行.
NOTIC: [8] Undefined index: m_id D:\wamp\www\omt\omt\Runtime\Cache\Home\3c2c9cb91072b4e04b2cf78ff5c8ed58.php 第 279 行.
INFO: Run Behavior\ParseTemplateBehavior [ RunTime:0.016825s ]
INFO: [ view_parse ] --END-- [ RunTime:0.016949s ]
INFO: [ view_filter ] --START--
INFO: Run Behavior\WriteHtmlCacheBehavior [ RunTime:0.000508s ]
INFO: [ view_filter ] --END-- [ RunTime:0.000626s ]
INFO: [ app_end ] --START--
INFO: Run Behavior\ShowPageTraceBehavior [ RunTime:0.000649s ]
INFO: [ app_end ] --END-- [ RunTime:0.000782s ]

[ 2015-10-08T23:53:27+08:00 ] ::1 /omt/index.php/home/index/index
INFO: [ app_init ] --START--
INFO: Run Behavior\BuildLiteBehavior [ RunTime:0.000035s ]
INFO: [ app_init ] --END-- [ RunTime:0.000582s ]
INFO: [ app_begin ] --START--
INFO: Run Behavior\ReadHtmlCacheBehavior [ RunTime:0.000646s ]
INFO: [ app_begin ] --END-- [ RunTime:0.000835s ]
SQL: SHOW COLUMNS FROM `omt_news` [ RunTime:0.0062s ]
NOTIC: [8] Undefined index: page D:\wamp\www\omt\omt\Home\Controller\IndexController.class.php 第 10 行.
SQL: SELECT * FROM `omt_news` LIMIT 0,5   [ RunTime:0.0003s ]
SQL: SELECT COUNT(*) AS tp_count FROM `omt_news` LIMIT 1   [ RunTime:0.0003s ]
SQL: SHOW COLUMNS FROM `omt_movie` [ RunTime:0.0041s ]
SQL: SELECT * FROM `omt_movie`  [ RunTime:0.0004s ]
INFO: [ view_parse ] --START--
INFO: [ template_filter ] --START--
INFO: Run Behavior\ContentReplaceBehavior [ RunTime:0.000249s ]
INFO: [ template_filter ] --END-- [ RunTime:0.000432s ]
NOTIC: [8] Undefined variable: email D:\wamp\www\omt\omt\Runtime\Cache\Home\3c2c9cb91072b4e04b2cf78ff5c8ed58.php 第 236 行.
NOTIC: [8] Undefined variable: name D:\wamp\www\omt\omt\Runtime\Cache\Home\3c2c9cb91072b4e04b2cf78ff5c8ed58.php 第 237 行.
NOTIC: [8] Undefined index: m_id D:\wamp\www\omt\omt\Runtime\Cache\Home\3c2c9cb91072b4e04b2cf78ff5c8ed58.php 第 279 行.
NOTIC: [8] Undefined index: m_id D:\wamp\www\omt\omt\Runtime\Cache\Home\3c2c9cb91072b4e04b2cf78ff5c8ed58.php 第 279 行.
INFO: Run Behavior\ParseTemplateBehavior [ RunTime:0.026281s ]
INFO: [ view_parse ] --END-- [ RunTime:0.026480s ]
INFO: [ view_filter ] --START--
INFO: Run Behavior\WriteHtmlCacheBehavior [ RunTime:0.001152s ]
INFO: [ view_filter ] --END-- [ RunTime:0.001388s ]
INFO: [ app_end ] --START--
INFO: Run Behavior\ShowPageTraceBehavior [ RunTime:0.000941s ]
INFO: [ app_end ] --END-- [ RunTime:0.001102s ]

[ 2015-10-08T23:53:38+08:00 ] ::1 /omt/index.php/Home/index/checkAccount.html
INFO: [ app_init ] --START--
INFO: Run Behavior\BuildLiteBehavior [ RunTime:0.000026s ]
INFO: [ app_init ] --END-- [ RunTime:0.000441s ]
INFO: [ app_begin ] --START--
INFO: Run Behavior\ReadHtmlCacheBehavior [ RunTime:0.000439s ]
INFO: [ app_begin ] --END-- [ RunTime:0.000546s ]
SQL: SHOW COLUMNS FROM `omt_member` [ RunTime:0.0035s ]
NOTIC: [8] Undefined index: validate D:\wamp\www\omt\ThinkPHP\Library\Think\Model.class.php 第 1185 行.
SQL: SELECT * FROM `omt_member` WHERE `email` = 'admin@a.aa' LIMIT 1   [ RunTime:0.0003s ]

[ 2015-10-08T23:53:38+08:00 ] ::1 /omt/index.php/Home/index/checkAccount.html
INFO: [ app_init ] --START--
INFO: Run Behavior\BuildLiteBehavior [ RunTime:0.000036s ]
INFO: [ app_init ] --END-- [ RunTime:0.000593s ]
INFO: [ app_begin ] --START--
INFO: Run Behavior\ReadHtmlCacheBehavior [ RunTime:0.000605s ]
INFO: [ app_begin ] --END-- [ RunTime:0.000752s ]
SQL: SHOW COLUMNS FROM `omt_member` [ RunTime:0.0037s ]
NOTIC: [8] Undefined index: validate D:\wamp\www\omt\ThinkPHP\Library\Think\Model.class.php 第 1185 行.
SQL: SELECT * FROM `omt_member` WHERE `email` = 'admin@a.aaas' LIMIT 1   [ RunTime:0.0003s ]
NOTIC: [8] Undefined index: auto D:\wamp\www\omt\ThinkPHP\Library\Think\Model.class.php 第 1128 行.

[ 2015-10-08T23:53:38+08:00 ] ::1 /omt/index.php/Home/index/checkAccount.html
INFO: [ app_init ] --START--
INFO: Run Behavior\BuildLiteBehavior [ RunTime:0.000020s ]
INFO: [ app_init ] --END-- [ RunTime:0.000323s ]
INFO: [ app_begin ] --START--
INFO: Run Behavior\ReadHtmlCacheBehavior [ RunTime:0.000324s ]
INFO: [ app_begin ] --END-- [ RunTime:0.000402s ]
SQL: SHOW COLUMNS FROM `omt_member` [ RunTime:0.0076s ]
NOTIC: [8] Undefined index: validate D:\wamp\www\omt\ThinkPHP\Library\Think\Model.class.php 第 1185 行.
SQL: SELECT * FROM `omt_member` WHERE `email` = 'admin@a.aaas' LIMIT 1   [ RunTime:0.0006s ]
NOTIC: [8] Undefined index: auto D:\wamp\www\omt\ThinkPHP\Library\Think\Model.class.php 第 1128 行.

[ 2015-10-08T23:53:38+08:00 ] ::1 /omt/index.php/Home/index/checkAccount.html
INFO: [ app_init ] --START--
INFO: Run Behavior\BuildLiteBehavior [ RunTime:0.000064s ]
INFO: [ app_init ] --END-- [ RunTime:0.001040s ]
INFO: [ app_begin ] --START--
INFO: Run Behavior\ReadHtmlCacheBehavior [ RunTime:0.001087s ]
INFO: [ app_begin ] --END-- [ RunTime:0.001347s ]
SQL: SHOW COLUMNS FROM `omt_member` [ RunTime:0.0030s ]
NOTIC: [8] Undefined index: validate D:\wamp\www\omt\ThinkPHP\Library\Think\Model.class.php 第 1185 行.
SQL: SELECT * FROM `omt_member` WHERE `email` = 'admin@a.aaasas' LIMIT 1   [ RunTime:0.0002s ]
NOTIC: [8] Undefined index: auto D:\wamp\www\omt\ThinkPHP\Library\Think\Model.class.php 第 1128 行.

[ 2015-10-08T23:53:38+08:00 ] ::1 /omt/index.php/Home/index/checkAccount.html
INFO: [ app_init ] --START--
INFO: Run Behavior\BuildLiteBehavior [ RunTime:0.000020s ]
INFO: [ app_init ] --END-- [ RunTime:0.000318s ]
INFO: [ app_begin ] --START--
INFO: Run Behavior\ReadHtmlCacheBehavior [ RunTime:0.000349s ]
INFO: [ app_begin ] --END-- [ RunTime:0.000428s ]
SQL: SHOW COLUMNS FROM `omt_member` [ RunTime:0.0032s ]
NOTIC: [8] Undefined index: validate D:\wamp\www\omt\ThinkPHP\Library\Think\Model.class.php 第 1185 行.
SQL: SELECT * FROM `omt_member` WHERE `email` = 'admin@a.aaasasd' LIMIT 1   [ RunTime:0.0003s ]
NOTIC: [8] Undefined index: auto D:\wamp\www\omt\ThinkPHP\Library\Think\Model.class.php 第 1128 行.

[ 2015-10-08T23:53:38+08:00 ] ::1 /omt/index.php/Home/index/checkAccount.html
INFO: [ app_init ] --START--
INFO: Run Behavior\BuildLiteBehavior [ RunTime:0.000021s ]
INFO: [ app_init ] --END-- [ RunTime:0.000330s ]
INFO: [ app_begin ] --START--
INFO: Run Behavior\ReadHtmlCacheBehavior [ RunTime:0.000336s ]
INFO: [ app_begin ] --END-- [ RunTime:0.000418s ]
SQL: SHOW COLUMNS FROM `omt_member` [ RunTime:0.0031s ]
NOTIC: [8] Undefined index: validate D:\wamp\www\omt\ThinkPHP\Library\Think\Model.class.php 第 1185 行.
SQL: SELECT * FROM `omt_member` WHERE `email` = 'admin@a.aaasasd' LIMIT 1   [ RunTime:0.0003s ]
NOTIC: [8] Undefined index: auto D:\wamp\www\omt\ThinkPHP\Library\Think\Model.class.php 第 1128 行.

[ 2015-10-08T23:53:38+08:00 ] ::1 /omt/index.php/Home/index/checkAccount.html
INFO: [ app_init ] --START--
INFO: Run Behavior\BuildLiteBehavior [ RunTime:0.000087s ]
INFO: [ app_init ] --END-- [ RunTime:0.001313s ]
INFO: [ app_begin ] --START--
INFO: Run Behavior\ReadHtmlCacheBehavior [ RunTime:0.001368s ]
INFO: [ app_begin ] --END-- [ RunTime:0.001699s ]
SQL: SHOW COLUMNS FROM `omt_member` [ RunTime:0.0038s ]
NOTIC: [8] Undefined index: validate D:\wamp\www\omt\ThinkPHP\Library\Think\Model.class.php 第 1185 行.
SQL: SELECT * FROM `omt_member` WHERE `email` = 'admin@a.aaasasdsa' LIMIT 1   [ RunTime:0.0003s ]
NOTIC: [8] Undefined index: auto D:\wamp\www\omt\ThinkPHP\Library\Think\Model.class.php 第 1128 行.

[ 2015-10-08T23:53:38+08:00 ] ::1 /omt/index.php/Home/index/checkAccount.html
INFO: [ app_init ] --START--
INFO: Run Behavior\BuildLiteBehavior [ RunTime:0.000032s ]
INFO: [ app_init ] --END-- [ RunTime:0.000506s ]
INFO: [ app_begin ] --START--
INFO: Run Behavior\ReadHtmlCacheBehavior [ RunTime:0.000515s ]
INFO: [ app_begin ] --END-- [ RunTime:0.000642s ]
SQL: SHOW COLUMNS FROM `omt_member` [ RunTime:0.0028s ]
NOTIC: [8] Undefined index: validate D:\wamp\www\omt\ThinkPHP\Library\Think\Model.class.php 第 1185 行.
SQL: SELECT * FROM `omt_member` WHERE `email` = 'admin@a.aaasasdsa' LIMIT 1   [ RunTime:0.0003s ]
NOTIC: [8] Undefined index: auto D:\wamp\www\omt\ThinkPHP\Library\Think\Model.class.php 第 1128 行.

[ 2015-10-08T23:53:44+08:00 ] ::1 /omt/index.php/Home/index/signUp.html
INFO: [ app_init ] --START--
INFO: Run Behavior\BuildLiteBehavior [ RunTime:0.000028s ]
INFO: [ app_init ] --END-- [ RunTime:0.000446s ]
INFO: [ app_begin ] --START--
INFO: Run Behavior\ReadHtmlCacheBehavior [ RunTime:0.000441s ]
INFO: [ app_begin ] --END-- [ RunTime:0.000544s ]
SQL: SHOW COLUMNS FROM `omt_member` [ RunTime:0.0033s ]
NOTIC: [8] Undefined index: validate D:\wamp\www\omt\ThinkPHP\Library\Think\Model.class.php 第 1185 行.
SQL: SELECT * FROM `omt_member` WHERE `email` = 'admin@a.aaasasdsa' LIMIT 1   [ RunTime:0.0003s ]
NOTIC: [8] Undefined index: auto D:\wamp\www\omt\ThinkPHP\Library\Think\Model.class.php 第 1128 行.
SQL: INSERT INTO `omt_member` (`email`,`password`,`name`,`birthday`,`phone`) VALUES ('admin@a.aaasasdsa','123456','123','123','123') [ RunTime:0.0578s ]

[ 2015-10-08T23:53:47+08:00 ] ::1 /omt/index.php/Home/index/signIn.html
INFO: [ app_init ] --START--
INFO: Run Behavior\BuildLiteBehavior [ RunTime:0.000028s ]
INFO: [ app_init ] --END-- [ RunTime:0.000429s ]
INFO: [ app_begin ] --START--
INFO: Run Behavior\ReadHtmlCacheBehavior [ RunTime:0.000442s ]
INFO: [ app_begin ] --END-- [ RunTime:0.000547s ]
SQL: SHOW COLUMNS FROM `omt_member` [ RunTime:0.0036s ]
NOTIC: [8] Undefined index: validate D:\wamp\www\omt\ThinkPHP\Library\Think\Model.class.php 第 1185 行.
NOTIC: [8] Undefined index: auto D:\wamp\www\omt\ThinkPHP\Library\Think\Model.class.php 第 1128 行.
SQL: SELECT * FROM `omt_member` WHERE `email` = 'admin@a.a' AND `password` = '123456'  [ RunTime:0.0003s ]

[ 2015-10-08T23:53:48+08:00 ] ::1 /omt/index.php/Home/index/index.html
INFO: [ app_init ] --START--
INFO: Run Behavior\BuildLiteBehavior [ RunTime:0.000074s ]
INFO: [ app_init ] --END-- [ RunTime:0.001347s ]
INFO: [ app_begin ] --START--
INFO: Run Behavior\ReadHtmlCacheBehavior [ RunTime:0.001088s ]
INFO: [ app_begin ] --END-- [ RunTime:0.001408s ]
SQL: SHOW COLUMNS FROM `omt_news` [ RunTime:0.0033s ]
NOTIC: [8] Undefined index: page D:\wamp\www\omt\omt\Home\Controller\IndexController.class.php 第 10 行.
SQL: SELECT * FROM `omt_news` LIMIT 0,5   [ RunTime:0.0003s ]
SQL: SELECT COUNT(*) AS tp_count FROM `omt_news` LIMIT 1   [ RunTime:0.0002s ]
SQL: SHOW COLUMNS FROM `omt_movie` [ RunTime:0.0029s ]
SQL: SELECT * FROM `omt_movie`  [ RunTime:0.0005s ]
INFO: [ view_parse ] --START--
INFO: [ template_filter ] --START--
INFO: Run Behavior\ContentReplaceBehavior [ RunTime:0.042713s ]
INFO: [ template_filter ] --END-- [ RunTime:0.043037s ]
NOTIC: [8] Undefined index: m_id D:\wamp\www\omt\omt\Runtime\Cache\Home\3c2c9cb91072b4e04b2cf78ff5c8ed58.php 第 279 行.
NOTIC: [8] Undefined index: m_id D:\wamp\www\omt\omt\Runtime\Cache\Home\3c2c9cb91072b4e04b2cf78ff5c8ed58.php 第 279 行.
INFO: Run Behavior\ParseTemplateBehavior [ RunTime:0.061411s ]
INFO: [ view_parse ] --END-- [ RunTime:0.061525s ]
INFO: [ view_filter ] --START--
INFO: Run Behavior\WriteHtmlCacheBehavior [ RunTime:0.000238s ]
INFO: [ view_filter ] --END-- [ RunTime:0.000323s ]
INFO: [ app_end ] --START--
INFO: Run Behavior\ShowPageTraceBehavior [ RunTime:0.000404s ]
INFO: [ app_end ] --END-- [ RunTime:0.000497s ]

[ 2015-10-08T23:55:41+08:00 ] ::1 /omt/index.php/Home/index/index.html
INFO: [ app_init ] --START--
INFO: Run Behavior\BuildLiteBehavior [ RunTime:0.000035s ]
INFO: [ app_init ] --END-- [ RunTime:0.000620s ]
INFO: [ app_begin ] --START--
INFO: Run Behavior\ReadHtmlCacheBehavior [ RunTime:0.000955s ]
INFO: [ app_begin ] --END-- [ RunTime:0.001149s ]
SQL: SHOW COLUMNS FROM `omt_news` [ RunTime:0.0034s ]
NOTIC: [8] Undefined index: page D:\wamp\www\omt\omt\Home\Controller\IndexController.class.php 第 10 行.
SQL: SELECT * FROM `omt_news` LIMIT 0,5   [ RunTime:0.0003s ]
SQL: SELECT COUNT(*) AS tp_count FROM `omt_news` LIMIT 1   [ RunTime:0.0002s ]
SQL: SHOW COLUMNS FROM `omt_movie` [ RunTime:0.0030s ]
SQL: SELECT * FROM `omt_movie`  [ RunTime:0.0002s ]
INFO: [ view_parse ] --START--
INFO: [ template_filter ] --START--
INFO: Run Behavior\ContentReplaceBehavior [ RunTime:0.000154s ]
INFO: [ template_filter ] --END-- [ RunTime:0.000256s ]
NOTIC: [8] Undefined index: m_id D:\wamp\www\omt\omt\Runtime\Cache\Home\3c2c9cb91072b4e04b2cf78ff5c8ed58.php 第 277 行.
NOTIC: [8] Undefined index: m_id D:\wamp\www\omt\omt\Runtime\Cache\Home\3c2c9cb91072b4e04b2cf78ff5c8ed58.php 第 277 行.
INFO: Run Behavior\ParseTemplateBehavior [ RunTime:0.017496s ]
INFO: [ view_parse ] --END-- [ RunTime:0.017618s ]
INFO: [ view_filter ] --START--
INFO: Run Behavior\WriteHtmlCacheBehavior [ RunTime:0.000397s ]
INFO: [ view_filter ] --END-- [ RunTime:0.000492s ]
INFO: [ app_end ] --START--
INFO: Run Behavior\ShowPageTraceBehavior [ RunTime:0.000516s ]
INFO: [ app_end ] --END-- [ RunTime:0.000611s ]

[ 2015-10-08T23:55:44+08:00 ] ::1 /omt/index.php/Home/index/order.html
INFO: [ app_init ] --START--
INFO: Run Behavior\BuildLiteBehavior [ RunTime:0.000095s ]
INFO: [ app_init ] --END-- [ RunTime:0.000984s ]
INFO: [ app_begin ] --START--
INFO: Run Behavior\ReadHtmlCacheBehavior [ RunTime:0.000418s ]
INFO: [ app_begin ] --END-- [ RunTime:0.000553s ]
INFO: [ view_parse ] --START--
INFO: [ template_filter ] --START--
INFO: Run Behavior\ContentReplaceBehavior [ RunTime:0.000142s ]
INFO: [ template_filter ] --END-- [ RunTime:0.000242s ]
INFO: Run Behavior\ParseTemplateBehavior [ RunTime:0.050169s ]
INFO: [ view_parse ] --END-- [ RunTime:0.050293s ]
INFO: [ view_filter ] --START--
INFO: Run Behavior\WriteHtmlCacheBehavior [ RunTime:0.000242s ]
INFO: [ view_filter ] --END-- [ RunTime:0.000329s ]
INFO: [ app_end ] --START--
INFO: Run Behavior\ShowPageTraceBehavior [ RunTime:0.000423s ]
INFO: [ app_end ] --END-- [ RunTime:0.000548s ]

