[ 2016-03-08T21:42:44+08:00 ] ::1 /omt/index.php/Home/index/index.html
INFO: [ app_init ] --START--
INFO: Run Behavior\BuildLiteBehavior [ RunTime:0.000000s ]
INFO: [ app_init ] --END-- [ RunTime:0.001000s ]
INFO: [ app_begin ] --START--
INFO: Run Behavior\ReadHtmlCacheBehavior [ RunTime:0.001000s ]
INFO: [ app_begin ] --END-- [ RunTime:0.002000s ]
SQL: SHOW COLUMNS FROM `omt_news` [ RunTime:0.0120s ]
NOTIC: [8] Undefined index: page D:\wamp\www\omt\omt\Home\Controller\IndexController.class.php 第 10 行.
SQL: SELECT * FROM `omt_news` LIMIT 0,5   [ RunTime:0.0000s ]
SQL: SELECT COUNT(*) AS tp_count FROM `omt_news` LIMIT 1   [ RunTime:0.0000s ]
SQL: SHOW COLUMNS FROM `omt_movie` [ RunTime:0.0100s ]
SQL: SELECT * FROM `omt_movie` WHERE `start_date` < '2016-03-08'  [ RunTime:0.0000s ]
SQL: SELECT * FROM `omt_movie` WHERE `start_date` > '2016-03-08'  [ RunTime:0.0000s ]
SQL: SELECT * FROM `omt_movie` WHERE `start_date` < '2016-03-08' ORDER BY grade desc LIMIT 5   [ RunTime:0.0010s ]
INFO: [ view_parse ] --START--
INFO: [ template_filter ] --START--
INFO: Run Behavior\ContentReplaceBehavior [ RunTime:0.001000s ]
INFO: [ template_filter ] --END-- [ RunTime:0.001000s ]
INFO: Run Behavior\ParseTemplateBehavior [ RunTime:0.093005s ]
INFO: [ view_parse ] --END-- [ RunTime:0.093005s ]
INFO: [ view_filter ] --START--
INFO: Run Behavior\WriteHtmlCacheBehavior [ RunTime:0.000000s ]
INFO: [ view_filter ] --END-- [ RunTime:0.001000s ]
INFO: [ app_end ] --START--
INFO: Run Behavior\ShowPageTraceBehavior [ RunTime:0.001000s ]
INFO: [ app_end ] --END-- [ RunTime:0.001000s ]

[ 2016-03-08T21:43:17+08:00 ] ::1 /omt/index.php/Home/index/index.html
INFO: [ app_init ] --START--
INFO: Run Behavior\BuildLiteBehavior [ RunTime:0.000000s ]
INFO: [ app_init ] --END-- [ RunTime:0.001001s ]
INFO: [ app_begin ] --START--
INFO: Run Behavior\ReadHtmlCacheBehavior [ RunTime:0.001000s ]
INFO: [ app_begin ] --END-- [ RunTime:0.002000s ]
SQL: SHOW COLUMNS FROM `omt_news` [ RunTime:0.0130s ]
NOTIC: [8] Undefined index: page D:\wamp\www\omt\omt\Home\Controller\IndexController.class.php 第 10 行.
SQL: SELECT * FROM `omt_news` LIMIT 0,5   [ RunTime:0.0000s ]
SQL: SELECT COUNT(*) AS tp_count FROM `omt_news` LIMIT 1   [ RunTime:0.0000s ]
SQL: SHOW COLUMNS FROM `omt_movie` [ RunTime:0.0090s ]
SQL: SELECT * FROM `omt_movie` WHERE `start_date` < '2016-03-08'  [ RunTime:0.0010s ]
SQL: SELECT * FROM `omt_movie` WHERE `start_date` > '2016-03-08'  [ RunTime:0.0010s ]
SQL: SELECT * FROM `omt_movie` WHERE `start_date` < '2016-03-08' ORDER BY grade desc LIMIT 5   [ RunTime:0.0000s ]
INFO: [ view_parse ] --START--
INFO: [ template_filter ] --START--
INFO: Run Behavior\ContentReplaceBehavior [ RunTime:0.000000s ]
INFO: [ template_filter ] --END-- [ RunTime:0.000000s ]
INFO: Run Behavior\ParseTemplateBehavior [ RunTime:0.100006s ]
INFO: [ view_parse ] --END-- [ RunTime:0.101006s ]
INFO: [ view_filter ] --START--
INFO: Run Behavior\WriteHtmlCacheBehavior [ RunTime:0.001000s ]
INFO: [ view_filter ] --END-- [ RunTime:0.001000s ]
INFO: [ app_end ] --START--
INFO: Run Behavior\ShowPageTraceBehavior [ RunTime:0.001000s ]
INFO: [ app_end ] --END-- [ RunTime:0.002000s ]

[ 2016-03-08T21:47:05+08:00 ] ::1 /omt/index.php/Home/index/index.html
INFO: [ app_init ] --START--
INFO: Run Behavior\BuildLiteBehavior [ RunTime:0.000000s ]
INFO: [ app_init ] --END-- [ RunTime:0.001000s ]
INFO: [ app_begin ] --START--
INFO: Run Behavior\ReadHtmlCacheBehavior [ RunTime:0.001000s ]
INFO: [ app_begin ] --END-- [ RunTime:0.001000s ]
SQL: SHOW COLUMNS FROM `omt_news` [ RunTime:0.0550s ]
NOTIC: [8] Undefined index: page D:\wamp\www\omt\omt\Home\Controller\IndexController.class.php 第 10 行.
SQL: SELECT * FROM `omt_news` LIMIT 0,5   [ RunTime:0.0000s ]
SQL: SELECT COUNT(*) AS tp_count FROM `omt_news` LIMIT 1   [ RunTime:0.0000s ]
SQL: SHOW COLUMNS FROM `omt_movie` [ RunTime:0.0100s ]
SQL: SELECT * FROM `omt_movie` WHERE `start_date` < '2016-03-08'  [ RunTime:0.0000s ]
SQL: SELECT * FROM `omt_movie` WHERE `start_date` > '2016-03-08'  [ RunTime:0.0010s ]
SQL: SELECT * FROM `omt_movie` WHERE `start_date` < '2016-03-08' ORDER BY grade desc LIMIT 5   [ RunTime:0.0000s ]
INFO: [ view_parse ] --START--
INFO: [ template_filter ] --START--
INFO: Run Behavior\ContentReplaceBehavior [ RunTime:0.000000s ]
INFO: [ template_filter ] --END-- [ RunTime:0.001000s ]
INFO: Run Behavior\ParseTemplateBehavior [ RunTime:0.095006s ]
INFO: [ view_parse ] --END-- [ RunTime:0.095006s ]
INFO: [ view_filter ] --START--
INFO: Run Behavior\WriteHtmlCacheBehavior [ RunTime:0.001000s ]
INFO: [ view_filter ] --END-- [ RunTime:0.001000s ]
INFO: [ app_end ] --START--
INFO: Run Behavior\ShowPageTraceBehavior [ RunTime:0.001000s ]
INFO: [ app_end ] --END-- [ RunTime:0.001000s ]

